# JRE version: OpenJDK Runtime Environment Temurin-21.0.12.1+1 (21.0.12.1+1) (build 21.0.12.1+1-LTS)
# Java VM: OpenJDK 64-Bit Server VM Temurin-21.0.12.1+1 (21.0.12.1+1-LTS, mixed mode, sharing, tiered, compressed oops, compressed class ptrs, g1 gc, windows-amd64)
GC Precious Log:
 CardTable entry size: 512
 Card Set container configuration: InlinePtr #cards 5 size 8 Array Of Cards #cards 12 size 40 Howl #buckets 4 coarsen threshold 1843 Howl Bitmap #cards 512 size 80 coarsen threshold 460 Card regions per heap region 1 cards per card region 2048
 CPUs: 12 total, 12 available
 Memory: 16027M
 Large Page Support: Disabled
 NUMA Support: Disabled
 Compressed Oops: Enabled (32-bit)
 Heap Region Size: 1M
 Heap Min Capacity: 256M
 Heap Initial Capacity: 256M
 Heap Max Capacity: 512M
 Pre-touch: Disabled
 Parallel Workers: 10
 Concurrent Workers: 3
 Concurrent Refinement Workers: 10
 Periodic GC: Disabled
Heap:
 garbage-first heap   total 262144K, used 51181K [0x00000000e0000000, 0x0000000100000000)
  region size 1024K, 30 young (30720K), 10 survivors (10240K)
 Metaspace       used 36674K, committed 38080K, reserved 393216K
  class space    used 5266K, committed 5952K, reserved 327680K
GC Heap History (14 events):
Event: 17.191 GC heap before
{Heap before GC invocations=0 (full 0):
 garbage-first heap   total 262144K, used 27648K [0x00000000e0000000, 0x0000000100000000)
  region size 1024K, 23 young (23552K), 0 survivors (0K)
 Metaspace       used 2907K, committed 3072K, reserved 393216K
  class space    used 344K, committed 384K, reserved 327680K
}
Event: 17.255 GC heap after
{Heap after GC invocations=1 (full 0):
 garbage-first heap   total 262144K, used 11126K [0x00000000e0000000, 0x0000000100000000)
  region size 1024K, 3 young (3072K), 3 survivors (3072K)
 Metaspace       used 2907K, committed 3072K, reserved 393216K
  class space    used 344K, committed 384K, reserved 327680K
}
Event: 39.507 GC heap before
{Heap before GC invocations=1 (full 0):
 garbage-first heap   total 262144K, used 40822K [0x00000000e0000000, 0x0000000100000000)
  region size 1024K, 31 young (31744K), 3 survivors (3072K)
 Metaspace       used 4682K, committed 4864K, reserved 393216K
  class space    used 595K, committed 704K, reserved 327680K
}
Event: 39.511 GC heap after
{Heap after GC invocations=2 (full 0):
 garbage-first heap   total 262144K, used 14921K [0x00000000e0000000, 0x0000000100000000)
  region size 1024K, 3 young (3072K), 3 survivors (3072K)
 Metaspace       used 4682K, committed 4864K, reserved 393216K
  class space    used 595K, committed 704K, reserved 327680K
}
Event: 76.765 GC heap before
{Heap before GC invocations=2 (full 0):
 garbage-first heap   total 262144K, used 89673K [0x00000000e0000000, 0x0000000100000000)
  region size 1024K, 77 young (78848K), 3 survivors (3072K)
 Metaspace       used 16081K, committed 16512K, reserved 393216K
  class space    used 2185K, committed 2368K, reserved 327680K
}
Event: 76.781 GC heap after
{Heap after GC invocations=3 (full 0):
 garbage-first heap   total 262144K, used 22219K [0x00000000e0000000, 0x0000000100000000)
  region size 1024K, 10 young (10240K), 10 survivors (10240K)
 Metaspace       used 16081K, committed 16512K, reserved 393216K
  class space    used 2185K, committed 2368K, reserved 327680K
}
Event: 82.101 GC heap before
{Heap before GC invocations=3 (full 0):
 garbage-first heap   total 262144K, used 56011K [0x00000000e0000000, 0x0000000100000000)
  region size 1024K, 44 young (45056K), 10 survivors (10240K)
 Metaspace       used 20829K, committed 21504K, reserved 393216K
  class space    used 2974K, committed 3328K, reserved 327680K
}
Event: 82.110 GC heap after
{Heap after GC invocations=4 (full 0):
 garbage-first heap   total 262144K, used 24939K [0x00000000e0000000, 0x0000000100000000)
  region size 1024K, 3 young (3072K), 3 survivors (3072K)
 Metaspace       used 20829K, committed 21504K, reserved 393216K
  class space    used 2974K, committed 3328K, reserved 327680K
}
Event: 100.618 GC heap before
{Heap before GC invocations=5 (full 0):
 garbage-first heap   total 262144K, used 126315K [0x00000000e0000000, 0x0000000100000000)
  region size 1024K, 102 young (104448K), 3 survivors (3072K)
 Metaspace       used 34565K, committed 35968K, reserved 393216K
  class space    used 4962K, committed 5696K, reserved 327680K
}
Event: 100.626 GC heap after
{Heap after GC invocations=6 (full 0):
 garbage-first heap   total 262144K, used 30065K [0x00000000e0000000, 0x0000000100000000)
  region size 1024K, 8 young (8192K), 8 survivors (8192K)
 Metaspace       used 34565K, committed 35968K, reserved 393216K
  class space    used 4962K, committed 5696K, reserved 327680K
}
Event: 100.750 GC heap before
{Heap before GC invocations=6 (full 0):
 garbage-first heap   total 262144K, used 31089K [0x00000000e0000000, 0x0000000100000000)
  region size 1024K, 10 young (10240K), 8 survivors (8192K)
 Metaspace       used 34925K, committed 36288K, reserved 393216K
  class space    used 4989K, committed 5696K, reserved 327680K
}
Event: 100.756 GC heap after
{Heap after GC invocations=7 (full 0):
 garbage-first heap   total 262144K, used 30391K [0x00000000e0000000, 0x0000000100000000)
  region size 1024K, 9 young (9216K), 9 survivors (9216K)
 Metaspace       used 34925K, committed 36288K, reserved 393216K
  class space    used 4989K, committed 5696K, reserved 327680K
}
Event: 100.901 GC heap before
{Heap before GC invocations=7 (full 0):
 garbage-first heap   total 262144K, used 32439K [0x00000000e0000000, 0x0000000100000000)
  region size 1024K, 12 young (12288K), 9 survivors (9216K)
 Metaspace       used 35304K, committed 36608K, reserved 393216K
  class space    used 5038K, committed 5696K, reserved 327680K
}
Event: 100.907 GC heap after
{Heap after GC invocations=8 (full 0):
 garbage-first heap   total 262144K, used 31725K [0x00000000e0000000, 0x0000000100000000)
  region size 1024K, 10 young (10240K), 10 survivors (10240K)
 Metaspace       used 35304K, committed 36608K, reserved 393216K
  class space    used 5038K, committed 5696K, reserved 327680K
}

