# JRE version: OpenJDK Runtime Environment Temurin-21.0.12.1+1 (21.0.12.1+1) (build 21.0.12.1+1-LTS)
# Java VM: OpenJDK 64-Bit Server VM Temurin-21.0.12.1+1 (21.0.12.1+1-LTS, mixed mode, sharing, tiered, compressed oops, compressed class ptrs, g1 gc, windows-amd64)
GC Precious Log:
 CardTable entry size: 512
 Card Set container configuration: InlinePtr #cards 5 size 8 Array Of Cards #cards 12 size 40 Howl #buckets 4 coarsen threshold 1843 Howl Bitmap #cards 512 size 80 coarsen threshold 460 Card regions per heap region 1 cards per card region 2048
 CPUs: 12 total, 12 available
 Memory: 16027M
 Large Page Support: Disabled
 NUMA Support: Disabled
 Compressed Oops: Enabled (32-bit)
 Heap Region Size: 1M
 Heap Min Capacity: 256M
 Heap Initial Capacity: 256M
 Heap Max Capacity: 512M
 Pre-touch: Disabled
 Parallel Workers: 10
 Concurrent Workers: 3
 Concurrent Refinement Workers: 10
 Periodic GC: Disabled
Heap:
 garbage-first heap   total 262144K, used 120657K [0x00000000e0000000, 0x0000000100000000)
  region size 1024K, 97 young (99328K), 8 survivors (8192K)
 Metaspace       used 41166K, committed 42816K, reserved 393216K
  class space    used 6150K, committed 6976K, reserved 327680K
GC Heap History (12 events):
Event: 40.532 GC heap before
{Heap before GC invocations=0 (full 0):
 garbage-first heap   total 262144K, used 26624K [0x00000000e0000000, 0x0000000100000000)
  region size 1024K, 23 young (23552K), 0 survivors (0K)
 Metaspace       used 3113K, committed 3328K, reserved 393216K
  class space    used 376K, committed 448K, reserved 327680K
}
Event: 41.264 GC heap after
{Heap after GC invocations=1 (full 0):
 garbage-first heap   total 262144K, used 11199K [0x00000000e0000000, 0x0000000100000000)
  region size 1024K, 3 young (3072K), 3 survivors (3072K)
 Metaspace       used 3113K, committed 3328K, reserved 393216K
  class space    used 376K, committed 448K, reserved 327680K
}
Event: 103.251 GC heap before
{Heap before GC invocations=1 (full 0):
 garbage-first heap   total 262144K, used 37823K [0x00000000e0000000, 0x0000000100000000)
  region size 1024K, 29 young (29696K), 3 survivors (3072K)
 Metaspace       used 4670K, committed 4864K, reserved 393216K
  class space    used 597K, committed 704K, reserved 327680K
}
Event: 103.260 GC heap after
{Heap after GC invocations=2 (full 0):
 garbage-first heap   total 262144K, used 15184K [0x00000000e0000000, 0x0000000100000000)
  region size 1024K, 3 young (3072K), 3 survivors (3072K)
 Metaspace       used 4670K, committed 4864K, reserved 393216K
  class space    used 597K, committed 704K, reserved 327680K
}
Event: 153.824 GC heap before
{Heap before GC invocations=2 (full 0):
 garbage-first heap   total 262144K, used 126800K [0x00000000e0000000, 0x0000000100000000)
  region size 1024K, 112 young (114688K), 3 survivors (3072K)
 Metaspace       used 20821K, committed 21504K, reserved 393216K
  class space    used 2970K, committed 3264K, reserved 327680K
}
Event: 153.857 GC heap after
{Heap after GC invocations=3 (full 0):
 garbage-first heap   total 262144K, used 24609K [0x00000000e0000000, 0x0000000100000000)
  region size 1024K, 12 young (12288K), 12 survivors (12288K)
 Metaspace       used 20821K, committed 21504K, reserved 393216K
  class space    used 2970K, committed 3264K, reserved 327680K
}
Event: 162.970 GC heap before
{Heap before GC invocations=4 (full 0):
 garbage-first heap   total 262144K, used 123937K [0x00000000e0000000, 0x0000000100000000)
  region size 1024K, 111 young (113664K), 12 survivors (12288K)
 Metaspace       used 34809K, committed 36096K, reserved 393216K
  class space    used 5095K, committed 5696K, reserved 327680K
}
Event: 162.988 GC heap after
{Heap after GC invocations=5 (full 0):
 garbage-first heap   total 262144K, used 31802K [0x00000000e0000000, 0x0000000100000000)
  region size 1024K, 8 young (8192K), 8 survivors (8192K)
 Metaspace       used 34809K, committed 36096K, reserved 393216K
  class space    used 5095K, committed 5696K, reserved 327680K
}
Event: 163.171 GC heap before
{Heap before GC invocations=5 (full 0):
 garbage-first heap   total 262144K, used 32826K [0x00000000e0000000, 0x0000000100000000)
  region size 1024K, 10 young (10240K), 8 survivors (8192K)
 Metaspace       used 35099K, committed 36416K, reserved 393216K
  class space    used 5144K, committed 5824K, reserved 327680K
}
Event: 163.181 GC heap after
{Heap after GC invocations=6 (full 0):
 garbage-first heap   total 262144K, used 31704K [0x00000000e0000000, 0x0000000100000000)
  region size 1024K, 8 young (8192K), 8 survivors (8192K)
 Metaspace       used 35099K, committed 36416K, reserved 393216K
  class space    used 5144K, committed 5824K, reserved 327680K
}
Event: 163.487 GC heap before
{Heap before GC invocations=6 (full 0):
 garbage-first heap   total 262144K, used 33752K [0x00000000e0000000, 0x0000000100000000)
  region size 1024K, 11 young (11264K), 8 survivors (8192K)
 Metaspace       used 35334K, committed 36736K, reserved 393216K
  class space    used 5187K, committed 5888K, reserved 327680K
}
Event: 163.494 GC heap after
{Heap after GC invocations=7 (full 0):
 garbage-first heap   total 262144K, used 31569K [0x00000000e0000000, 0x0000000100000000)
  region size 1024K, 8 young (8192K), 8 survivors (8192K)
 Metaspace       used 35334K, committed 36736K, reserved 393216K
  class space    used 5187K, committed 5888K, reserved 327680K
}

