# JRE version: OpenJDK Runtime Environment Temurin-21.0.12.1+1 (21.0.12.1+1) (build 21.0.12.1+1-LTS)
# Java VM: OpenJDK 64-Bit Server VM Temurin-21.0.12.1+1 (21.0.12.1+1-LTS, mixed mode, sharing, tiered, compressed oops, compressed class ptrs, g1 gc, windows-amd64)
GC Precious Log:
 CardTable entry size: 512
 Card Set container configuration: InlinePtr #cards 5 size 8 Array Of Cards #cards 12 size 40 Howl #buckets 4 coarsen threshold 1843 Howl Bitmap #cards 512 size 80 coarsen threshold 460 Card regions per heap region 1 cards per card region 2048
 CPUs: 12 total, 12 available
 Memory: 16027M
 Large Page Support: Disabled
 NUMA Support: Disabled
 Compressed Oops: Enabled (32-bit)
 Heap Region Size: 1M
 Heap Min Capacity: 256M
 Heap Initial Capacity: 256M
 Heap Max Capacity: 512M
 Pre-touch: Disabled
 Parallel Workers: 10
 Concurrent Workers: 3
 Concurrent Refinement Workers: 10
 Periodic GC: Disabled
Heap:
 garbage-first heap   total 262144K, used 137050K [0x00000000e0000000, 0x0000000100000000)
  region size 1024K, 114 young (116736K), 8 survivors (8192K)
 Metaspace       used 42581K, committed 44288K, reserved 393216K
  class space    used 6372K, committed 7232K, reserved 327680K
GC Heap History (12 events):
Event: 15.447 GC heap before
{Heap before GC invocations=0 (full 0):
 garbage-first heap   total 262144K, used 26624K [0x00000000e0000000, 0x0000000100000000)
  region size 1024K, 23 young (23552K), 0 survivors (0K)
 Metaspace       used 2966K, committed 3136K, reserved 393216K
  class space    used 353K, committed 448K, reserved 327680K
}
Event: 15.970 GC heap after
{Heap after GC invocations=1 (full 0):
 garbage-first heap   total 262144K, used 10986K [0x00000000e0000000, 0x0000000100000000)
  region size 1024K, 3 young (3072K), 3 survivors (3072K)
 Metaspace       used 2966K, committed 3136K, reserved 393216K
  class space    used 353K, committed 448K, reserved 327680K
}
Event: 34.617 GC heap before
{Heap before GC invocations=1 (full 0):
 garbage-first heap   total 262144K, used 39658K [0x00000000e0000000, 0x0000000100000000)
  region size 1024K, 30 young (30720K), 3 survivors (3072K)
 Metaspace       used 4682K, committed 4864K, reserved 393216K
  class space    used 595K, committed 704K, reserved 327680K
}
Event: 34.623 GC heap after
{Heap after GC invocations=2 (full 0):
 garbage-first heap   total 262144K, used 14159K [0x00000000e0000000, 0x0000000100000000)
  region size 1024K, 3 young (3072K), 3 survivors (3072K)
 Metaspace       used 4682K, committed 4864K, reserved 393216K
  class space    used 595K, committed 704K, reserved 327680K
}
Event: 93.437 GC heap before
{Heap before GC invocations=2 (full 0):
 garbage-first heap   total 262144K, used 106319K [0x00000000e0000000, 0x0000000100000000)
  region size 1024K, 93 young (95232K), 3 survivors (3072K)
 Metaspace       used 18207K, committed 18752K, reserved 393216K
  class space    used 2535K, committed 2816K, reserved 327680K
}
Event: 93.570 GC heap after
{Heap after GC invocations=3 (full 0):
 garbage-first heap   total 262144K, used 22762K [0x00000000e0000000, 0x0000000100000000)
  region size 1024K, 11 young (11264K), 11 survivors (11264K)
 Metaspace       used 18207K, committed 18752K, reserved 393216K
  class space    used 2535K, committed 2816K, reserved 327680K
}
Event: 94.527 GC heap before
{Heap before GC invocations=3 (full 0):
 garbage-first heap   total 262144K, used 43242K [0x00000000e0000000, 0x0000000100000000)
  region size 1024K, 32 young (32768K), 11 survivors (11264K)
 Metaspace       used 20817K, committed 21504K, reserved 393216K
  class space    used 2975K, committed 3328K, reserved 327680K
}
Event: 94.537 GC heap after
{Heap after GC invocations=4 (full 0):
 garbage-first heap   total 262144K, used 24753K [0x00000000e0000000, 0x0000000100000000)
  region size 1024K, 3 young (3072K), 3 survivors (3072K)
 Metaspace       used 20817K, committed 21504K, reserved 393216K
  class space    used 2975K, committed 3328K, reserved 327680K
}
Event: 328.656 GC heap before
{Heap before GC invocations=5 (full 0):
 garbage-first heap   total 262144K, used 146609K [0x00000000e0000000, 0x0000000100000000)
  region size 1024K, 123 young (125952K), 3 survivors (3072K)
 Metaspace       used 34399K, committed 35776K, reserved 393216K
  class space    used 5087K, committed 5760K, reserved 327680K
}
Event: 328.746 GC heap after
{Heap after GC invocations=6 (full 0):
 garbage-first heap   total 262144K, used 30211K [0x00000000e0000000, 0x0000000100000000)
  region size 1024K, 8 young (8192K), 8 survivors (8192K)
 Metaspace       used 34399K, committed 35776K, reserved 393216K
  class space    used 5087K, committed 5760K, reserved 327680K
}
Event: 329.118 GC heap before
{Heap before GC invocations=6 (full 0):
 garbage-first heap   total 262144K, used 31235K [0x00000000e0000000, 0x0000000100000000)
  region size 1024K, 10 young (10240K), 8 survivors (8192K)
 Metaspace       used 34696K, committed 36096K, reserved 393216K
  class space    used 5104K, committed 5824K, reserved 327680K
}
Event: 329.155 GC heap after
{Heap after GC invocations=7 (full 0):
 garbage-first heap   total 262144K, used 30554K [0x00000000e0000000, 0x0000000100000000)
  region size 1024K, 8 young (8192K), 8 survivors (8192K)
 Metaspace       used 34696K, committed 36096K, reserved 393216K
  class space    used 5104K, committed 5824K, reserved 327680K
}

